#
# There is insufficient memory for the Java Runtime Environment to continue.
# Native memory allocation (mmap) failed to map 264241152 bytes. Error detail: G1 virtual space
# Possible reasons:
#   The system is out of physical RAM or swap space
#   This process is running with CompressedOops enabled, and the Java Heap may be blocking the growth of the native heap
# Possible solutions:
#   Reduce memory load on the system
#   Increase physical memory or swap space
#   Check if swap backing store is full
#   Decrease Java heap size (-Xmx/-Xms)
#   Decrease number of Java threads
#   Decrease Java thread stack sizes (-Xss)
#   Set larger code cache with -XX:ReservedCodeCacheSize=
#   JVM is running with Zero Based Compressed Oops mode in which the Java heap is
#     placed in the first 32GB address space. The Java Heap base address is the
#     maximum limit for the native heap growth. Please use -XX:HeapBaseMinAddress
#     to set the Java Heap base and to place the Java Heap above 32GB virtual address.
# This output file may be truncated or incomplete.
#
#  Out of Memory Error (os_windows.cpp:3707), pid=6572, tid=20192
#
# JRE version:  (23.0.2+7) (build )
# Java VM: Java HotSpot(TM) 64-Bit Server VM (23.0.2+7-58, mixed mode, sharing, tiered, compressed oops, compressed class ptrs, g1 gc, windows-amd64)
# No core dump will be written. Minidumps are not enabled by default on client versions of Windows
#

---------------  S U M M A R Y ------------

Command Line: -javaagent:C:\Program Files (x86)\JetBrains\IntelliJ IDEA Community Edition 2025.1.3\lib\idea_rt.jar=56976 -Dfile.encoding=UTF-8 -Dsun.stdout.encoding=UTF-8 -Dsun.stderr.encoding=UTF-8 src.basics.FiniteRecursion

Host: 11th Gen Intel(R) Core(TM) i5-11400H @ 2.70GHz, 12 cores, 15G,  Windows 11 , 64 bit Build 26100 (10.0.26100.4484)
Time: Fri Jul 18 17:38:47 2025 India Standard Time elapsed time: 1.054907 seconds (0d 0h 0m 1s)

---------------  T H R E A D  ---------------

Current thread (0x000001e936ddbbe0):  JavaThread "Unknown thread" [_thread_in_vm, id=20192, stack(0x00000084d7b00000,0x00000084d7c00000) (1024K)]

Stack: [0x00000084d7b00000,0x00000084d7c00000]
Native frames: (J=compiled Java code, j=interpreted, Vv=VM code, C=native code)
V  [jvm.dll+0x6e0b99]  (no source info available)
V  [jvm.dll+0x87e2b3]  (no source info available)
V  [jvm.dll+0x88073e]  (no source info available)
V  [jvm.dll+0x880e13]  (no source info available)
V  [jvm.dll+0x27b006]  (no source info available)
V  [jvm.dll+0x6dd485]  (no source info available)
V  [jvm.dll+0x6d127a]  (no source info available)
V  [jvm.dll+0x35b50a]  (no source info available)
V  [jvm.dll+0x363916]  (no source info available)
V  [jvm.dll+0x34fe7e]  (no source info available)
V  [jvm.dll+0x350118]  (no source info available)
V  [jvm.dll+0x328aec]  (no source info available)
V  [jvm.dll+0x32978e]  (no source info available)
V  [jvm.dll+0x8449a5]  (no source info available)
V  [jvm.dll+0x3b9a08]  (no source info available)
V  [jvm.dll+0x82d68c]  (no source info available)
V  [jvm.dll+0x454f2e]  (no source info available)
V  [jvm.dll+0x456db1]  (no source info available)
C  [jli.dll+0x52a3]  (no source info available)
C  [ucrtbase.dll+0x37b0]  (no source info available)
C  [KERNEL32.DLL+0x2e8d7]  (no source info available)
C  [ntdll.dll+0x3c34c]  (no source info available)

Lock stack of current Java thread (top to bottom):


---------------  P R O C E S S  ---------------

Threads class SMR info:
_java_thread_list=0x00007ffba9ed4618, length=0, elements={
}

Java Threads: ( => current thread )
Total: 0

Other Threads:
  0x000001e936e43ed0 WorkerThread "GC Thread#0"                     [id=3900, stack(0x00000084d7c00000,0x00000084d7d00000) (1024K)]
  0x000001e936e58a70 ConcurrentGCThread "G1 Main Marker"            [id=29688, stack(0x00000084d7d00000,0x00000084d7e00000) (1024K)]
  0x000001e936e5bac0 WorkerThread "G1 Conc#0"                       [id=12580, stack(0x00000084d7e00000,0x00000084d7f00000) (1024K)]

[error occurred during error reporting (printing all threads), id 0xc0000005, EXCEPTION_ACCESS_VIOLATION (0xc0000005) at pc=0x00007ffba961c0da]
VM state: not at safepoint (not fully initialized)

VM Mutex/Monitor currently owned by a thread:  ([mutex/lock_event])
[0x00007ffba9f54988] Heap_lock - owner thread: 0x000001e936ddbbe0

Heap address: 0x0000000704400000, size: 4028 MB, Compressed Oops mode: Zero based, Oop shift amount: 3

CDS archive(s) mapped at: [0x0000000000000000-0x0000000000000000-0x0000000000000000), size 0, SharedBaseAddress: 0x0000000800000000, ArchiveRelocationMode: 1.
Narrow klass base: 0x0000000000000000, Narrow klass shift: 0, Narrow klass range: 0x0

GC Precious Log:
 CardTable entry size: 512
 Card Set container configuration: InlinePtr #cards 4 size 8 Array Of Cards #cards 16 size 48 Howl #buckets 8 coarsen threshold 3686 Howl Bitmap #cards 512 size 80 coarsen threshold 460 Card regions per heap region 1 cards per card region 4096

Heap:
 garbage-first heap   total reserved 4124672K, committed 0K, used 0K [0x0000000704400000, 0x0000000800000000)
  region size 2048K, 0 young (0K), 0 survivors (0K)

[error occurred during error reporting (printing heap information), id 0xc0000005, EXCEPTION_ACCESS_VIOLATION (0xc0000005) at pc=0x00007ffba9a1c6a9]
GC Heap History (0 events):
No events

Dll operation events (1 events):
Event: 0.007 Loaded shared library C:\Program Files\Java\jdk-23\bin\java.dll

Deoptimization events (0 events):
No events

Classes loaded (0 events):
No events

Classes unloaded (0 events):
No events

Classes redefined (0 events):
No events

Internal exceptions (0 events):
No events

VM Operations (0 events):
No events

Memory protections (0 events):
No events

Nmethod flushes (0 events):
No events

Events (0 events):
No events


Dynamic libraries:
0x00007ff740dc0000 - 0x00007ff740dd0000 	C:\Program Files\Java\jdk-23\bin\java.exe
0x00007ffc616a0000 - 0x00007ffc61908000 	C:\WINDOWS\SYSTEM32\ntdll.dll
0x00007ffc60650000 - 0x00007ffc60719000 	C:\WINDOWS\System32\KERNEL32.DLL
0x00007ffc5e930000 - 0x00007ffc5ed1d000 	C:\WINDOWS\System32\KERNELBASE.dll
0x00007ffc5eea0000 - 0x00007ffc5efeb000 	C:\WINDOWS\System32\ucrtbase.dll
0x00007ffc48640000 - 0x00007ffc48657000 	C:\Program Files\Java\jdk-23\bin\jli.dll
0x00007ffc4eab0000 - 0x00007ffc4eacb000 	C:\Program Files\Java\jdk-23\bin\VCRUNTIME140.dll
0x00007ffc5fda0000 - 0x00007ffc5ff6c000 	C:\WINDOWS\System32\USER32.dll
0x00007ffc43ff0000 - 0x00007ffc4428a000 	C:\WINDOWS\WinSxS\amd64_microsoft.windows.common-controls_6595b64144ccf1df_6.0.26100.4484_none_3e0e6d4ce32ef3b3\COMCTL32.dll
0x00007ffc5f0a0000 - 0x00007ffc5f0c7000 	C:\WINDOWS\System32\win32u.dll
0x00007ffc60320000 - 0x00007ffc603c9000 	C:\WINDOWS\System32\msvcrt.dll
0x00007ffc611b0000 - 0x00007ffc611db000 	C:\WINDOWS\System32\GDI32.dll
0x00007ffc5e7f0000 - 0x00007ffc5e927000 	C:\WINDOWS\System32\gdi32full.dll
0x00007ffc5eff0000 - 0x00007ffc5f093000 	C:\WINDOWS\System32\msvcp_win.dll
0x00007ffc60c70000 - 0x00007ffc60c9f000 	C:\WINDOWS\System32\IMM32.DLL
0x00007ffc5a8a0000 - 0x00007ffc5a8ac000 	C:\Program Files\Java\jdk-23\bin\vcruntime140_1.dll
0x00007ffc466b0000 - 0x00007ffc4673e000 	C:\Program Files\Java\jdk-23\bin\msvcp140.dll
0x00007ffba92e0000 - 0x00007ffbaa030000 	C:\Program Files\Java\jdk-23\bin\server\jvm.dll
0x00007ffc603d0000 - 0x00007ffc60484000 	C:\WINDOWS\System32\ADVAPI32.dll
0x00007ffc60220000 - 0x00007ffc602c6000 	C:\WINDOWS\System32\sechost.dll
0x00007ffc60530000 - 0x00007ffc60648000 	C:\WINDOWS\System32\RPCRT4.dll
0x00007ffc60ab0000 - 0x00007ffc60b24000 	C:\WINDOWS\System32\WS2_32.dll
0x00007ffc5e640000 - 0x00007ffc5e69e000 	C:\WINDOWS\SYSTEM32\POWRPROF.dll
0x00007ffc552c0000 - 0x00007ffc552cb000 	C:\WINDOWS\SYSTEM32\VERSION.dll
0x00007ffc553e0000 - 0x00007ffc55415000 	C:\WINDOWS\SYSTEM32\WINMM.dll
0x00007ffc5e620000 - 0x00007ffc5e634000 	C:\WINDOWS\SYSTEM32\UMPDC.dll
0x00007ffc5d5a0000 - 0x00007ffc5d5bb000 	C:\WINDOWS\SYSTEM32\kernel.appcore.dll
0x00007ffc4eae0000 - 0x00007ffc4eaea000 	C:\Program Files\Java\jdk-23\bin\jimage.dll
0x00007ffc5be60000 - 0x00007ffc5c0a1000 	C:\WINDOWS\SYSTEM32\DBGHELP.DLL
0x00007ffc60720000 - 0x00007ffc60aa6000 	C:\WINDOWS\System32\combase.dll
0x00007ffc60b70000 - 0x00007ffc60c50000 	C:\WINDOWS\System32\OLEAUT32.dll
0x00007ffc3f1b0000 - 0x00007ffc3f1f3000 	C:\WINDOWS\SYSTEM32\dbgcore.DLL
0x00007ffc5f160000 - 0x00007ffc5f1f9000 	C:\WINDOWS\System32\bcryptPrimitives.dll
0x00007ffc485d0000 - 0x00007ffc485df000 	C:\Program Files\Java\jdk-23\bin\instrument.dll
0x00007ffc48620000 - 0x00007ffc4863e000 	C:\Program Files\Java\jdk-23\bin\java.dll
0x00007ffc5f4a0000 - 0x00007ffc5f63e000 	C:\WINDOWS\System32\ole32.dll
0x00007ffc5f650000 - 0x00007ffc5fd9a000 	C:\WINDOWS\System32\SHELL32.dll
0x00007ffc5ed20000 - 0x00007ffc5ee94000 	C:\WINDOWS\System32\wintypes.dll

dbghelp: loaded successfully - version: 4.0.5 - missing functions: none
symbol engine: initialized successfully - sym options: 0x614 - pdb path: .;C:\Program Files\Java\jdk-23\bin;C:\WINDOWS\SYSTEM32;C:\WINDOWS\WinSxS\amd64_microsoft.windows.common-controls_6595b64144ccf1df_6.0.26100.4484_none_3e0e6d4ce32ef3b3;C:\Program Files\Java\jdk-23\bin\server

VM Arguments:
jvm_args: -javaagent:C:\Program Files (x86)\JetBrains\IntelliJ IDEA Community Edition 2025.1.3\lib\idea_rt.jar=56976 -Dfile.encoding=UTF-8 -Dsun.stdout.encoding=UTF-8 -Dsun.stderr.encoding=UTF-8 
java_command: src.basics.FiniteRecursion
java_class_path (initial): C:\Users\ranje\Desktop\Books\Data Structures & Algorithms\Workspace\out\production\Workspace
Launcher Type: SUN_STANDARD

[Global flags]
     intx CICompilerCount                          = 4                                         {product} {ergonomic}
     uint ConcGCThreads                            = 3                                         {product} {ergonomic}
     uint G1ConcRefinementThreads                  = 10                                        {product} {ergonomic}
   size_t G1HeapRegionSize                         = 2097152                                   {product} {ergonomic}
   size_t InitialHeapSize                          = 264241152                                 {product} {ergonomic}
   size_t MarkStackSize                            = 4194304                                   {product} {ergonomic}
   size_t MarkStackSizeMax                         = 536870912                                 {product} {ergonomic}
   size_t MaxHeapSize                              = 4223664128                                {product} {ergonomic}
   size_t MinHeapDeltaBytes                        = 2097152                                   {product} {ergonomic}
   size_t MinHeapSize                              = 8388608                                   {product} {ergonomic}
    uintx NonNMethodCodeHeapSize                   = 5832704                                {pd product} {ergonomic}
    uintx NonProfiledCodeHeapSize                  = 122945536                              {pd product} {ergonomic}
    uintx ProfiledCodeHeapSize                     = 122880000                              {pd product} {ergonomic}
    uintx ReservedCodeCacheSize                    = 251658240                              {pd product} {ergonomic}
     bool SegmentedCodeCache                       = true                                      {product} {ergonomic}
   size_t SoftMaxHeapSize                          = 4223664128                             {manageable} {ergonomic}
     bool UseCompressedOops                        = true                           {product lp64_product} {ergonomic}
     bool UseG1GC                                  = true                                      {product} {ergonomic}
     bool UseLargePagesIndividualAllocation        = false                                  {pd product} {ergonomic}

Logging:
Log output configuration:
 #0: stdout all=warning uptime,level,tags foldmultilines=false
 #1: stderr all=off uptime,level,tags foldmultilines=false

Environment Variables:
JAVA_HOME=C:\Program Files\Java\jdk-23
PATH=C:\Python312\Scripts\;C:\Python312\;C:\Program Files\Common Files\Oracle\Java\javapath;C:\Windows\system32;C:\Windows;C:\Windows\System32\Wbem;C:\Windows\System32\WindowsPowerShell\v1.0\;C:\Windows\System32\OpenSSH\;C:\Program Files (x86)\NVIDIA Corporation\PhysX\Common;C:\WINDOWS\system32;C:\WINDOWS;C:\WINDOWS\System32\Wbem;C:\WINDOWS\System32\WindowsPowerShell\v1.0\;C:\WINDOWS\System32\OpenSSH\;C:\Program Files\dotnet\;C:\ProgramData\chocolatey\bin;C:\Program Files\Java\jdk-23\bin;C:\Program Files\MySQL\MySQL Server 8.0\bin;C:\Users\ranje\AppData\Roaming\nvm;C:\Program Files\nodejs;C:\Program Files\NVIDIA Corporation\NVIDIA App\NvDLISR;C:\Users\ranje\AppData\Local\Android\Sdk\emulator;C:\Users\ranje\AppData\Local\Android\Sdk\platform-tools;C:\Program Files\Git\cmd;C:\Program Files\nodejs\;C:\Program Files\MySQL\MySQL Shell 8.0\bin\;C:\Users\ranje\AppData\Local\Microsoft\WindowsApps;C:\Program Files\JetBrains\IntelliJ IDEA Community Edition 2024.2.4\bin;;C:\Program Files\JetBrains\WebStorm 2024.2.4\bin;;C:\Users\ranje\AppData\Local\Programs\Microsoft VS Code\bin;C:\Program Files\Java\jdk-23\bin;C:\Users\ranje\AppData\Roaming\nvm;C:\Program Files\nodejs;C:\Program Files\JetBrains\PyCharm 2024.3.1.1\bin;;C:\Program Files\Tesseract-OCR\;C:\Users\ranje\AppData\Local\Android\Sdk\platform-tools;C:\Users\ranje\AppData\Local\Android\Sdk\emulator;C:\Users\ranje\AppData\Roaming\npm
USERNAME=ranje
OS=Windows_NT
PROCESSOR_IDENTIFIER=Intel64 Family 6 Model 141 Stepping 1, GenuineIntel
TMP=C:\Users\ranje\AppData\Local\Temp
TEMP=C:\Users\ranje\AppData\Local\Temp




Periodic native trim disabled

---------------  S Y S T E M  ---------------

OS:
 Windows 11 , 64 bit Build 26100 (10.0.26100.4484)
OS uptime: 0 days 8:21 hours
Hyper-V role detected

CPU: total 12 (initial active 12) (6 cores per cpu, 2 threads per core) family 6 model 141 stepping 1 microcode 0x50, cx8, cmov, fxsr, ht, mmx, 3dnowpref, sse, sse2, sse3, ssse3, sse4.1, sse4.2, popcnt, lzcnt, tsc, tscinvbit, avx, avx2, aes, erms, clmul, bmi1, bmi2, adx, avx512f, avx512dq, avx512cd, avx512bw, avx512vl, sha, fma, vzeroupper, avx512_vpopcntdq, avx512_vpclmulqdq, avx512_vaes, avx512_vnni, clflush, clflushopt, clwb, avx512_vbmi2, avx512_vbmi, hv, rdtscp, rdpid, fsrm, gfni, avx512_bitalg, f16c, cet_ibt, cet_ss, avx512_ifma
Processor Information for the first 12 processors :
  Max Mhz: 2688, Current Mhz: 2688, Mhz Limit: 2688

Memory: 4k page, system-wide physical 16106M (4712M free)
TotalPageFile size 16106M (AvailPageFile size 105M)
current process WorkingSet (physical memory assigned to process): 14M, peak: 14M
current process commit charge ("private bytes"): 65M, peak: 316M

vm_info: Java HotSpot(TM) 64-Bit Server VM (23.0.2+7-58) for windows-amd64 JRE (23.0.2+7-58), built on 2024-11-29T09:34:55Z with MS VC++ 17.6 (VS2022)

END.
